0 info it worked if it ends with ok
1 verbose cli [ '/Users/nickvaneijk/.nvm/versions/node/v4.4.7/bin/node',
1 verbose cli   '/Users/nickvaneijk/.nvm/versions/node/v4.4.7/bin/npm',
1 verbose cli   'run',
1 verbose cli   'lint' ]
2 info using npm@4.0.3
3 info using node@v4.4.7
4 verbose run-script [ 'prelint', 'lint', 'postlint' ]
5 info lifecycle @~prelint: @
6 silly lifecycle @~prelint: no script for prelint, continuing
7 info lifecycle @~lint: @
8 verbose lifecycle @~lint: unsafe-perm in lifecycle true
9 verbose lifecycle @~lint: PATH: /Users/nickvaneijk/.nvm/versions/node/v4.4.7/lib/node_modules/npm/bin/node-gyp-bin:/Users/nickvaneijk/Documents/Personal/Programming/Elixir/Phoenix/exerciser/apps/api/node_modules/.bin:/Users/nickvaneijk/.nvm/versions/node/v4.4.7/bin:/Users/nickvaneijk/.rvm/gems/ruby-2.2.1/bin:/Users/nickvaneijk/.rvm/gems/ruby-2.2.1@global/bin:/Users/nickvaneijk/.rvm/rubies/ruby-2.2.1/bin:/usr/local/bin:/usr/bin:/bin:/usr/sbin:/sbin:/Users/nickvaneijk/.rvm/bin
10 verbose lifecycle @~lint: CWD: /Users/nickvaneijk/Documents/Personal/Programming/Elixir/Phoenix/exerciser/apps/api
11 silly lifecycle @~lint: Args: [ '-c', 'eslint web/static/js/*' ]
12 silly lifecycle @~lint: Returned: code: 1  signal: null
13 info lifecycle @~lint: Failed to exec lint script
14 verbose stack Error: @ lint: `eslint web/static/js/*`
14 verbose stack Exit status 1
14 verbose stack     at EventEmitter.<anonymous> (/Users/nickvaneijk/.nvm/versions/node/v4.4.7/lib/node_modules/npm/lib/utils/lifecycle.js:279:16)
14 verbose stack     at emitTwo (events.js:87:13)
14 verbose stack     at EventEmitter.emit (events.js:172:7)
14 verbose stack     at ChildProcess.<anonymous> (/Users/nickvaneijk/.nvm/versions/node/v4.4.7/lib/node_modules/npm/lib/utils/spawn.js:40:14)
14 verbose stack     at emitTwo (events.js:87:13)
14 verbose stack     at ChildProcess.emit (events.js:172:7)
14 verbose stack     at maybeClose (internal/child_process.js:827:16)
14 verbose stack     at Process.ChildProcess._handle.onexit (internal/child_process.js:211:5)
15 verbose pkgid @
16 verbose cwd /Users/nickvaneijk/Documents/Personal/Programming/Elixir/Phoenix/exerciser/apps/api
17 error Darwin 15.2.0
18 error argv "/Users/nickvaneijk/.nvm/versions/node/v4.4.7/bin/node" "/Users/nickvaneijk/.nvm/versions/node/v4.4.7/bin/npm" "run" "lint"
19 error node v4.4.7
20 error npm  v4.0.3
21 error code ELIFECYCLE
22 error @ lint: `eslint web/static/js/*`
22 error Exit status 1
23 error Failed at the @ lint script 'eslint web/static/js/*'.
23 error Make sure you have the latest version of node.js and npm installed.
23 error If you do, this is most likely a problem with the  package,
23 error not with npm itself.
23 error Tell the author that this fails on your system:
23 error     eslint web/static/js/*
23 error You can get information on how to open an issue for this project with:
23 error     npm bugs
23 error Or if that isn't available, you can get their info via:
23 error     npm owner ls
23 error There is likely additional logging output above.
24 verbose exit [ 1, true ]
